# JRE version: Java(TM) SE Runtime Environment (15.0.1+9) (build 15.0.1+9-18)
# Java VM: Java HotSpot(TM) 64-Bit Server VM (15.0.1+9-18, mixed mode, sharing, tiered, compressed oops, g1 gc, windows-amd64)
GC Precious Log:
 CPUs: 8 total, 8 available
 Memory: 12055M
 Large Page Support: Disabled
 NUMA Support: Disabled
 Compressed Oops: Enabled (32-bit)
 Heap Region Size: 1M
 Heap Min Capacity: 8M
 Heap Initial Capacity: 190M
 Heap Max Capacity: 2G
 Pre-touch: Disabled
 Parallel Workers: 8
 Concurrent Workers: 2
 Concurrent Refinement Workers: 8
 Periodic GC: Disabled
Heap:
 garbage-first heap   total 209920K, used 110249K [0x0000000080000000, 0x0000000100000000)
  region size 1024K, 14 young (14336K), 1 survivors (1024K)
 Metaspace       used 113813K, capacity 115898K, committed 116712K, reserved 618496K
  class space    used 15043K, capacity 15761K, committed 16000K, reserved 516096K
GC Heap History (20 events):
Event: 37.351 GC heap before
{Heap before GC invocations=52 (full 0):
 garbage-first heap   total 199680K, used 162616K [0x0000000080000000, 0x0000000100000000)
  region size 1024K, 61 young (62464K), 3 survivors (3072K)
 Metaspace       used 96430K, capacity 98362K, committed 98408K, reserved 602112K
  class space    used 12904K, capacity 13564K, committed 13568K, reserved 516096K
}
Event: 37.355 GC heap after
{Heap after GC invocations=53 (full 0):
 garbage-first heap   total 199680K, used 105172K [0x0000000080000000, 0x0000000100000000)
  region size 1024K, 4 young (4096K), 4 survivors (4096K)
 Metaspace       used 96430K, capacity 98362K, committed 98408K, reserved 602112K
  class space    used 12904K, capacity 13564K, committed 13568K, reserved 516096K
}
Event: 37.974 GC heap before
{Heap before GC invocations=54 (full 0):
 garbage-first heap   total 209920K, used 164564K [0x0000000080000000, 0x0000000100000000)
  region size 1024K, 63 young (64512K), 4 survivors (4096K)
 Metaspace       used 96667K, capacity 98652K, committed 98664K, reserved 602112K
  class space    used 12913K, capacity 13568K, committed 13568K, reserved 516096K
}
Event: 37.977 GC heap after
{Heap after GC invocations=55 (full 0):
 garbage-first heap   total 209920K, used 105983K [0x0000000080000000, 0x0000000100000000)
  region size 1024K, 5 young (5120K), 5 survivors (5120K)
 Metaspace       used 96667K, capacity 98652K, committed 98664K, reserved 602112K
  class space    used 12913K, capacity 13568K, committed 13568K, reserved 516096K
}
Event: 38.705 GC heap before
{Heap before GC invocations=55 (full 0):
 garbage-first heap   total 209920K, used 174591K [0x0000000080000000, 0x0000000100000000)
  region size 1024K, 72 young (73728K), 5 survivors (5120K)
 Metaspace       used 97103K, capacity 99066K, committed 99304K, reserved 602112K
  class space    used 12950K, capacity 13621K, committed 13696K, reserved 516096K
}
Event: 38.712 GC heap after
{Heap after GC invocations=56 (full 0):
 garbage-first heap   total 209920K, used 104729K [0x0000000080000000, 0x0000000100000000)
  region size 1024K, 4 young (4096K), 4 survivors (4096K)
 Metaspace       used 97103K, capacity 99066K, committed 99304K, reserved 602112K
  class space    used 12950K, capacity 13621K, committed 13696K, reserved 516096K
}
Event: 2692.309 GC heap before
{Heap before GC invocations=57 (full 0):
 garbage-first heap   total 209920K, used 174361K [0x0000000080000000, 0x0000000100000000)
  region size 1024K, 73 young (74752K), 4 survivors (4096K)
 Metaspace       used 98187K, capacity 100214K, committed 100456K, reserved 604160K
  class space    used 13053K, capacity 13754K, committed 13824K, reserved 516096K
}
Event: 2692.336 GC heap after
{Heap after GC invocations=58 (full 0):
 garbage-first heap   total 209920K, used 104820K [0x0000000080000000, 0x0000000100000000)
  region size 1024K, 4 young (4096K), 4 survivors (4096K)
 Metaspace       used 98187K, capacity 100214K, committed 100456K, reserved 604160K
  class space    used 13053K, capacity 13754K, committed 13824K, reserved 516096K
}
Event: 3242.257 GC heap before
{Heap before GC invocations=58 (full 0):
 garbage-first heap   total 209920K, used 176500K [0x0000000080000000, 0x0000000100000000)
  region size 1024K, 75 young (76800K), 4 survivors (4096K)
 Metaspace       used 99069K, capacity 101309K, committed 101608K, reserved 604160K
  class space    used 13096K, capacity 13898K, committed 13952K, reserved 516096K
}
Event: 3242.304 GC heap after
{Heap after GC invocations=59 (full 0):
 garbage-first heap   total 209920K, used 109812K [0x0000000080000000, 0x0000000100000000)
  region size 1024K, 9 young (9216K), 9 survivors (9216K)
 Metaspace       used 99069K, capacity 101309K, committed 101608K, reserved 604160K
  class space    used 13096K, capacity 13898K, committed 13952K, reserved 516096K
}
Event: 3244.733 GC heap before
{Heap before GC invocations=60 (full 0):
 garbage-first heap   total 209920K, used 182516K [0x0000000080000000, 0x0000000100000000)
  region size 1024K, 73 young (74752K), 9 survivors (9216K)
 Metaspace       used 106032K, capacity 108249K, committed 108776K, reserved 610304K
  class space    used 13845K, capacity 14580K, committed 14720K, reserved 516096K
}
Event: 3244.799 GC heap after
{Heap after GC invocations=61 (full 0):
 garbage-first heap   total 209920K, used 115104K [0x0000000080000000, 0x0000000100000000)
  region size 1024K, 6 young (6144K), 6 survivors (6144K)
 Metaspace       used 106032K, capacity 108249K, committed 108776K, reserved 610304K
  class space    used 13845K, capacity 14580K, committed 14720K, reserved 516096K
}
Event: 3244.976 GC heap before
{Heap before GC invocations=61 (full 0):
 garbage-first heap   total 209920K, used 119200K [0x0000000080000000, 0x0000000100000000)
  region size 1024K, 10 young (10240K), 6 survivors (6144K)
 Metaspace       used 106373K, capacity 108543K, committed 109032K, reserved 612352K
  class space    used 13881K, capacity 14614K, committed 14720K, reserved 516096K
}
Event: 3245.014 GC heap after
{Heap after GC invocations=62 (full 0):
 garbage-first heap   total 209920K, used 104454K [0x0000000080000000, 0x0000000100000000)
  region size 1024K, 1 young (1024K), 1 survivors (1024K)
 Metaspace       used 106373K, capacity 108543K, committed 109032K, reserved 612352K
  class space    used 13881K, capacity 14614K, committed 14720K, reserved 516096K
}
Event: 3245.515 GC heap before
{Heap before GC invocations=62 (full 0):
 garbage-first heap   total 209920K, used 116742K [0x0000000080000000, 0x0000000100000000)
  region size 1024K, 14 young (14336K), 1 survivors (1024K)
 Metaspace       used 107866K, capacity 110047K, committed 110568K, reserved 612352K
  class space    used 14060K, capacity 14774K, committed 14976K, reserved 516096K
}
Event: 3245.519 GC heap after
{Heap after GC invocations=63 (full 0):
 garbage-first heap   total 209920K, used 105044K [0x0000000080000000, 0x0000000100000000)
  region size 1024K, 2 young (2048K), 2 survivors (2048K)
 Metaspace       used 107866K, capacity 110047K, committed 110568K, reserved 612352K
  class space    used 14060K, capacity 14774K, committed 14976K, reserved 516096K
}
Event: 3263.777 GC heap before
{Heap before GC invocations=64 (full 0):
 garbage-first heap   total 209920K, used 175700K [0x0000000080000000, 0x0000000100000000)
  region size 1024K, 70 young (71680K), 2 survivors (2048K)
 Metaspace       used 111125K, capacity 113236K, committed 114024K, reserved 616448K
  class space    used 14516K, capacity 15216K, committed 15360K, reserved 516096K
}
Event: 3263.786 GC heap after
{Heap after GC invocations=65 (full 0):
 garbage-first heap   total 209920K, used 110504K [0x0000000080000000, 0x0000000100000000)
  region size 1024K, 7 young (7168K), 7 survivors (7168K)
 Metaspace       used 111125K, capacity 113236K, committed 114024K, reserved 616448K
  class space    used 14516K, capacity 15216K, committed 15360K, reserved 516096K
}
Event: 3264.012 GC heap before
{Heap before GC invocations=65 (full 0):
 garbage-first heap   total 209920K, used 113576K [0x0000000080000000, 0x0000000100000000)
  region size 1024K, 10 young (10240K), 7 survivors (7168K)
 Metaspace       used 111603K, capacity 113722K, committed 114408K, reserved 616448K
  class space    used 14589K, capacity 15313K, committed 15488K, reserved 516096K
}
Event: 3264.040 GC heap after
{Heap after GC invocations=66 (full 0):
 garbage-first heap   total 209920K, used 97961K [0x0000000080000000, 0x0000000100000000)
  region size 1024K, 1 young (1024K), 1 survivors (1024K)
 Metaspace       used 111603K, capacity 113722K, committed 114408K, reserved 616448K
  class space    used 14589K, capacity 15313K, committed 15488K, reserved 516096K
}

